d:\onedrive - politechnika śląska\studia\sem3\pk\laboratoria - git\a6c17ea2-gr04-repo\projekt\bst\bst\debug\vc142.pdb
d:\onedrive - politechnika śląska\studia\sem3\pk\laboratoria - git\a6c17ea2-gr04-repo\projekt\bst\bst\debug\vc142.idb
d:\onedrive - politechnika śląska\studia\sem3\pk\laboratoria - git\a6c17ea2-gr04-repo\projekt\bst\bst\debug\p_info.obj
d:\onedrive - politechnika śląska\studia\sem3\pk\laboratoria - git\a6c17ea2-gr04-repo\projekt\bst\bst\debug\bst.obj
d:\onedrive - politechnika śląska\studia\sem3\pk\laboratoria - git\a6c17ea2-gr04-repo\projekt\bst\bst\debug\binarysearchtree.obj
d:\onedrive - politechnika śląska\studia\sem3\pk\laboratoria - git\a6c17ea2-gr04-repo\projekt\bst\bst\debug\binarysearchtree.obj.enc
d:\onedrive - politechnika śląska\studia\sem3\pk\laboratoria - git\a6c17ea2-gr04-repo\projekt\bst\bst\debug\bst.pdb
d:\onedrive - politechnika śląska\studia\sem3\pk\laboratoria - git\a6c17ea2-gr04-repo\projekt\bst\bst\debug\bst.tlog\cl.command.1.tlog
d:\onedrive - politechnika śląska\studia\sem3\pk\laboratoria - git\a6c17ea2-gr04-repo\projekt\bst\bst\debug\bst.tlog\cl.read.1.tlog
d:\onedrive - politechnika śląska\studia\sem3\pk\laboratoria - git\a6c17ea2-gr04-repo\projekt\bst\bst\debug\bst.tlog\cl.write.1.tlog
d:\onedrive - politechnika śląska\studia\sem3\pk\laboratoria - git\a6c17ea2-gr04-repo\projekt\bst\bst\debug\bst.tlog\link-cvtres.read.1.tlog
d:\onedrive - politechnika śląska\studia\sem3\pk\laboratoria - git\a6c17ea2-gr04-repo\projekt\bst\bst\debug\bst.tlog\link-cvtres.write.1.tlog
d:\onedrive - politechnika śląska\studia\sem3\pk\laboratoria - git\a6c17ea2-gr04-repo\projekt\bst\bst\debug\bst.tlog\link-rc.read.1.tlog
d:\onedrive - politechnika śląska\studia\sem3\pk\laboratoria - git\a6c17ea2-gr04-repo\projekt\bst\bst\debug\bst.tlog\link-rc.write.1.tlog
d:\onedrive - politechnika śląska\studia\sem3\pk\laboratoria - git\a6c17ea2-gr04-repo\projekt\bst\bst\debug\bst.tlog\link.6768-cvtres.read.1.tlog
d:\onedrive - politechnika śląska\studia\sem3\pk\laboratoria - git\a6c17ea2-gr04-repo\projekt\bst\bst\debug\bst.tlog\link.6768-cvtres.write.1.tlog
d:\onedrive - politechnika śląska\studia\sem3\pk\laboratoria - git\a6c17ea2-gr04-repo\projekt\bst\bst\debug\bst.tlog\link.6768-rc.read.1.tlog
d:\onedrive - politechnika śląska\studia\sem3\pk\laboratoria - git\a6c17ea2-gr04-repo\projekt\bst\bst\debug\bst.tlog\link.6768-rc.write.1.tlog
d:\onedrive - politechnika śląska\studia\sem3\pk\laboratoria - git\a6c17ea2-gr04-repo\projekt\bst\bst\debug\bst.tlog\link.6768.read.1.tlog
d:\onedrive - politechnika śląska\studia\sem3\pk\laboratoria - git\a6c17ea2-gr04-repo\projekt\bst\bst\debug\bst.tlog\link.6768.write.1.tlog
d:\onedrive - politechnika śląska\studia\sem3\pk\laboratoria - git\a6c17ea2-gr04-repo\projekt\bst\bst\debug\bst.tlog\link.command.1.tlog
d:\onedrive - politechnika śląska\studia\sem3\pk\laboratoria - git\a6c17ea2-gr04-repo\projekt\bst\bst\debug\bst.tlog\link.read.1.tlog
d:\onedrive - politechnika śląska\studia\sem3\pk\laboratoria - git\a6c17ea2-gr04-repo\projekt\bst\bst\debug\bst.tlog\link.write.1.tlog
